  masterVisual.cpp
c:\program files\tdt4102\graph_lib\graph\graph.h(166): warning C4267: 'argument': conversion from 'size_t' to 'unsigned int', possible loss of data
  c:\program files\tdt4102\graph_lib\graph\graph.h(164): note: while compiling class template member function 'Graph_lib::Vector_ref<Graph_lib::Circle>::~Vector_ref(void)'
  c:\users\ahsor\onedrive\dokumenter\github\spill\mastermind\sourcefiles\mastervisual.h(9): note: see reference to function template instantiation 'Graph_lib::Vector_ref<Graph_lib::Circle>::~Vector_ref(void)' being compiled
  c:\users\ahsor\onedrive\dokumenter\github\spill\mastermind\sourcefiles\mastervisual.h(11): note: see reference to class template instantiation 'Graph_lib::Vector_ref<Graph_lib::Circle>' being compiled
c:\program files\tdt4102\graph_lib\graph\graph.h(189): warning C4267: 'return': conversion from 'size_t' to 'int', possible loss of data
  c:\program files\tdt4102\graph_lib\graph\graph.h(188): note: while compiling class template member function 'int Graph_lib::Vector_ref<Graph_lib::Rectangle>::size(void) const'
  c:\users\ahsor\onedrive\dokumenter\github\spill\mastermind\sourcefiles\mastervisual.cpp(35): note: see reference to function template instantiation 'int Graph_lib::Vector_ref<Graph_lib::Rectangle>::size(void) const' being compiled
  c:\users\ahsor\onedrive\dokumenter\github\spill\mastermind\sourcefiles\mastervisual.h(10): note: see reference to class template instantiation 'Graph_lib::Vector_ref<Graph_lib::Rectangle>' being compiled
  PlayMastermind.cpp
c:\program files\tdt4102\graph_lib\graph\graph.h(166): warning C4267: 'argument': conversion from 'size_t' to 'unsigned int', possible loss of data
  c:\program files\tdt4102\graph_lib\graph\graph.h(164): note: while compiling class template member function 'Graph_lib::Vector_ref<Graph_lib::Circle>::~Vector_ref(void)'
  c:\users\ahsor\onedrive\dokumenter\github\spill\mastermind\sourcefiles\mastervisual.h(9): note: see reference to function template instantiation 'Graph_lib::Vector_ref<Graph_lib::Circle>::~Vector_ref(void)' being compiled
  c:\users\ahsor\onedrive\dokumenter\github\spill\mastermind\sourcefiles\mastervisual.h(11): note: see reference to class template instantiation 'Graph_lib::Vector_ref<Graph_lib::Circle>' being compiled
c:\program files\tdt4102\graph_lib\graph\graph.h(189): warning C4267: 'return': conversion from 'size_t' to 'int', possible loss of data
  c:\program files\tdt4102\graph_lib\graph\graph.h(188): note: while compiling class template member function 'int Graph_lib::Vector_ref<Graph_lib::Button>::size(void) const'
  c:\program files\tdt4102\graph_lib\graph\gui.h(124): note: see reference to function template instantiation 'int Graph_lib::Vector_ref<Graph_lib::Button>::size(void) const' being compiled
  c:\program files\tdt4102\graph_lib\graph\gui.h(116): note: see reference to class template instantiation 'Graph_lib::Vector_ref<Graph_lib::Button>' being compiled
  Source.cpp
c:\users\ahsor\onedrive\dokumenter\github\spill\mastermind\sourcefiles\source.cpp(11): warning C4244: 'argument': conversion from 'time_t' to 'unsigned int', possible loss of data
c:\program files\tdt4102\graph_lib\graph\graph.h(166): warning C4267: 'argument': conversion from 'size_t' to 'unsigned int', possible loss of data
  c:\program files\tdt4102\graph_lib\graph\graph.h(164): note: while compiling class template member function 'Graph_lib::Vector_ref<Graph_lib::Circle>::~Vector_ref(void)'
  c:\users\ahsor\onedrive\dokumenter\github\spill\mastermind\sourcefiles\mastervisual.h(9): note: see reference to function template instantiation 'Graph_lib::Vector_ref<Graph_lib::Circle>::~Vector_ref(void)' being compiled
  c:\users\ahsor\onedrive\dokumenter\github\spill\mastermind\sourcefiles\mastervisual.h(11): note: see reference to class template instantiation 'Graph_lib::Vector_ref<Graph_lib::Circle>' being compiled
c:\program files\tdt4102\graph_lib\graph\graph.h(189): warning C4267: 'return': conversion from 'size_t' to 'int', possible loss of data
  c:\program files\tdt4102\graph_lib\graph\graph.h(188): note: while compiling class template member function 'int Graph_lib::Vector_ref<Graph_lib::Button>::size(void) const'
  c:\program files\tdt4102\graph_lib\graph\gui.h(124): note: see reference to function template instantiation 'int Graph_lib::Vector_ref<Graph_lib::Button>::size(void) const' being compiled
  c:\program files\tdt4102\graph_lib\graph\gui.h(116): note: see reference to class template instantiation 'Graph_lib::Vector_ref<Graph_lib::Button>' being compiled
  test.cpp
  Utilities.cpp
c:\users\ahsor\onedrive\dokumenter\github\spill\mastermind\sourcefiles\utilities.cpp(11): warning C4244: 'argument': conversion from 'time_t' to 'unsigned int', possible loss of data
  Generating Code...
     Creating library C:\Users\ahsor\OneDrive\Dokumenter\GitHub\Spill\Mastermind\x64\Debug\Mastermind.lib and object C:\Users\ahsor\OneDrive\Dokumenter\GitHub\Spill\Mastermind\x64\Debug\Mastermind.exp
  TDT4102_Graphics1.vcxproj -> C:\Users\ahsor\OneDrive\Dokumenter\GitHub\Spill\Mastermind\x64\Debug\Mastermind.exe
