  main.cpp
c:\users\ahsor\onedrive\dokumenter\c++\other\nye øvinger\circle racing\ny øving 12\main.cpp(5): warning C4067: unexpected tokens following preprocessor directive - expected a newline
c:\users\ahsor\onedrive\dokumenter\c++\other\nye øvinger\circle racing\ny øving 12\main.cpp(19): warning C4244: 'argument': conversion from 'time_t' to 'unsigned int', possible loss of data
c:\users\ahsor\onedrive\dokumenter\c++\other\nye øvinger\circle racing\ny øving 12\main.cpp(28): warning C4244: 'argument': conversion from 'double' to 'int', possible loss of data
c:\users\ahsor\onedrive\dokumenter\c++\other\nye øvinger\circle racing\ny øving 12\main.cpp(31): warning C4244: 'argument': conversion from 'double' to 'int', possible loss of data
c:\users\ahsor\onedrive\dokumenter\c++\other\nye øvinger\circle racing\ny øving 12\main.cpp(33): warning C4244: 'argument': conversion from 'double' to 'int', possible loss of data
c:\program files (x86)\microsoft visual studio\2017\community\vc\tools\msvc\14.16.27023\include\utility(172): warning C4244: 'initializing': conversion from '_Ty' to '_Ty1', possible loss of data
          with
          [
              _Ty=double
          ]
          and
          [
              _Ty1=int
          ]
  c:\users\ahsor\onedrive\dokumenter\c++\other\nye øvinger\circle racing\ny øving 12\track.h(17): note: see reference to function template instantiation 'std::pair<int,int>::pair<double,double&,0>(_Other1 &&,_Other2) noexcept' being compiled
          with
          [
              _Other1=double,
              _Other2=double &
          ]
  c:\users\ahsor\onedrive\dokumenter\c++\other\nye øvinger\circle racing\ny øving 12\track.h(17): note: see reference to function template instantiation 'std::pair<int,int>::pair<double,double&,0>(_Other1 &&,_Other2) noexcept' being compiled
          with
          [
              _Other1=double,
              _Other2=double &
          ]
c:\program files (x86)\microsoft visual studio\2017\community\vc\tools\msvc\14.16.27023\include\utility(173): warning C4244: 'initializing': conversion from 'double' to '_Ty2', possible loss of data
          with
          [
              _Ty2=int
          ]
c:\program files (x86)\microsoft visual studio\2017\community\vc\tools\msvc\14.16.27023\include\utility(172): warning C4244: 'initializing': conversion from 'double' to '_Ty1', possible loss of data
          with
          [
              _Ty1=int
          ]
  c:\users\ahsor\onedrive\dokumenter\c++\other\nye øvinger\circle racing\ny øving 12\track.h(18): note: see reference to function template instantiation 'std::pair<int,int>::pair<double&,double&,0>(_Other1,_Other2) noexcept' being compiled
          with
          [
              _Other1=double &,
              _Other2=double &
          ]
  c:\users\ahsor\onedrive\dokumenter\c++\other\nye øvinger\circle racing\ny øving 12\track.h(18): note: see reference to function template instantiation 'std::pair<int,int>::pair<double&,double&,0>(_Other1,_Other2) noexcept' being compiled
          with
          [
              _Other1=double &,
              _Other2=double &
          ]
     Creating library C:\Users\ahsor\OneDrive\Dokumenter\C++\Other\Nye øvinger\Circle Racing\x64\Debug\ny øving 12.lib and object C:\Users\ahsor\OneDrive\Dokumenter\C++\Other\Nye øvinger\Circle Racing\x64\Debug\ny øving 12.exp
LINK : warning LNK4232: name ny øving 12.exe contains non-ASCII characters, DLL may not load on system with ANSI codepage other than 1252
  ny øving 12.vcxproj -> C:\Users\ahsor\OneDrive\Dokumenter\C++\Other\Nye øvinger\Circle Racing\x64\Debug\ny øving 12.exe
