  main.cpp
c:\users\ahsor\onedrive\dokumenter\c++\other\nye øvinger\circle racing\ny øving 12\main.cpp(5): warning C4067: unexpected tokens following preprocessor directive - expected a newline
c:\users\ahsor\onedrive\dokumenter\c++\other\nye øvinger\circle racing\ny øving 12\track.h(24): warning C4018: '<': signed/unsigned mismatch
c:\users\ahsor\onedrive\dokumenter\c++\other\nye øvinger\circle racing\ny øving 12\track.h(30): warning C4018: '<': signed/unsigned mismatch
c:\users\ahsor\onedrive\dokumenter\c++\other\nye øvinger\circle racing\ny øving 12\vehicle.h(56): warning C4018: '>=': signed/unsigned mismatch
c:\users\ahsor\onedrive\dokumenter\c++\other\nye øvinger\circle racing\ny øving 12\main.cpp(19): warning C4244: 'argument': conversion from 'time_t' to 'unsigned int', possible loss of data
c:\users\ahsor\onedrive\dokumenter\c++\other\nye øvinger\circle racing\ny øving 12\main.cpp(28): warning C4244: 'argument': conversion from 'double' to 'int', possible loss of data
c:\users\ahsor\onedrive\dokumenter\c++\other\nye øvinger\circle racing\ny øving 12\main.cpp(31): warning C4244: 'argument': conversion from 'double' to 'int', possible loss of data
c:\users\ahsor\onedrive\dokumenter\c++\other\nye øvinger\circle racing\ny øving 12\main.cpp(33): warning C4244: 'argument': conversion from 'double' to 'int', possible loss of data
c:\program files (x86)\microsoft visual studio\2017\community\vc\tools\msvc\14.16.27023\include\utility(172): warning C4244: 'initializing': conversion from '_Ty' to '_Ty1', possible loss of data
          with
          [
              _Ty=double
          ]
          and
          [
              _Ty1=int
          ]
  c:\users\ahsor\onedrive\dokumenter\c++\other\nye øvinger\circle racing\ny øving 12\track.h(17): note: see reference to function template instantiation 'std::pair<int,int>::pair<double,double&,0>(_Other1 &&,_Other2) noexcept' being compiled
          with
          [
              _Other1=double,
              _Other2=double &
          ]
  c:\users\ahsor\onedrive\dokumenter\c++\other\nye øvinger\circle racing\ny øving 12\track.h(17): note: see reference to function template instantiation 'std::pair<int,int>::pair<double,double&,0>(_Other1 &&,_Other2) noexcept' being compiled
          with
          [
              _Other1=double,
              _Other2=double &
          ]
c:\program files (x86)\microsoft visual studio\2017\community\vc\tools\msvc\14.16.27023\include\utility(173): warning C4244: 'initializing': conversion from 'double' to '_Ty2', possible loss of data
          with
          [
              _Ty2=int
          ]
c:\program files (x86)\microsoft visual studio\2017\community\vc\tools\msvc\14.16.27023\include\utility(172): warning C4244: 'initializing': conversion from 'double' to '_Ty1', possible loss of data
          with
          [
              _Ty1=int
          ]
  c:\users\ahsor\onedrive\dokumenter\c++\other\nye øvinger\circle racing\ny øving 12\track.h(18): note: see reference to function template instantiation 'std::pair<int,int>::pair<double&,double&,0>(_Other1,_Other2) noexcept' being compiled
          with
          [
              _Other1=double &,
              _Other2=double &
          ]
  c:\users\ahsor\onedrive\dokumenter\c++\other\nye øvinger\circle racing\ny øving 12\track.h(18): note: see reference to function template instantiation 'std::pair<int,int>::pair<double&,double&,0>(_Other1,_Other2) noexcept' being compiled
          with
          [
              _Other1=double &,
              _Other2=double &
          ]
  utilities.cpp
c:\users\ahsor\onedrive\dokumenter\c++\other\nye øvinger\circle racing\ny øving 12\track.h(24): warning C4018: '<': signed/unsigned mismatch
c:\users\ahsor\onedrive\dokumenter\c++\other\nye øvinger\circle racing\ny øving 12\track.h(30): warning C4018: '<': signed/unsigned mismatch
c:\users\ahsor\onedrive\dokumenter\c++\other\nye øvinger\circle racing\ny øving 12\vehicle.h(56): warning C4018: '>=': signed/unsigned mismatch
c:\users\ahsor\onedrive\dokumenter\c++\other\nye øvinger\circle racing\ny øving 12\utilities.cpp(76): warning C4018: '<': signed/unsigned mismatch
c:\users\ahsor\onedrive\dokumenter\c++\other\nye øvinger\circle racing\ny øving 12\utilities.cpp(88): warning C4018: '<': signed/unsigned mismatch
c:\users\ahsor\onedrive\dokumenter\c++\other\nye øvinger\circle racing\ny øving 12\utilities.cpp(89): warning C4838: conversion from '_Ty1' to 'int' requires a narrowing conversion
          with
          [
              _Ty1=double
          ]
c:\users\ahsor\onedrive\dokumenter\c++\other\nye øvinger\circle racing\ny øving 12\utilities.cpp(89): warning C4244: 'initializing': conversion from '_Ty1' to 'int', possible loss of data
          with
          [
              _Ty1=double
          ]
c:\users\ahsor\onedrive\dokumenter\c++\other\nye øvinger\circle racing\ny øving 12\utilities.cpp(89): warning C4838: conversion from '_Ty2' to 'int' requires a narrowing conversion
          with
          [
              _Ty2=double
          ]
c:\users\ahsor\onedrive\dokumenter\c++\other\nye øvinger\circle racing\ny øving 12\utilities.cpp(89): warning C4244: 'initializing': conversion from '_Ty2' to 'int', possible loss of data
          with
          [
              _Ty2=double
          ]
c:\users\ahsor\onedrive\dokumenter\c++\other\nye øvinger\circle racing\ny øving 12\utilities.cpp(114): warning C4018: '<': signed/unsigned mismatch
c:\program files (x86)\microsoft visual studio\2017\community\vc\tools\msvc\14.16.27023\include\utility(172): warning C4244: 'initializing': conversion from '_Ty' to '_Ty1', possible loss of data
          with
          [
              _Ty=double
          ]
          and
          [
              _Ty1=int
          ]
  c:\users\ahsor\onedrive\dokumenter\c++\other\nye øvinger\circle racing\ny øving 12\track.h(17): note: see reference to function template instantiation 'std::pair<int,int>::pair<double,double&,0>(_Other1 &&,_Other2) noexcept' being compiled
          with
          [
              _Other1=double,
              _Other2=double &
          ]
  c:\users\ahsor\onedrive\dokumenter\c++\other\nye øvinger\circle racing\ny øving 12\track.h(17): note: see reference to function template instantiation 'std::pair<int,int>::pair<double,double&,0>(_Other1 &&,_Other2) noexcept' being compiled
          with
          [
              _Other1=double,
              _Other2=double &
          ]
c:\program files (x86)\microsoft visual studio\2017\community\vc\tools\msvc\14.16.27023\include\utility(173): warning C4244: 'initializing': conversion from 'double' to '_Ty2', possible loss of data
          with
          [
              _Ty2=int
          ]
c:\program files (x86)\microsoft visual studio\2017\community\vc\tools\msvc\14.16.27023\include\utility(172): warning C4244: 'initializing': conversion from 'double' to '_Ty1', possible loss of data
          with
          [
              _Ty1=int
          ]
  c:\users\ahsor\onedrive\dokumenter\c++\other\nye øvinger\circle racing\ny øving 12\track.h(18): note: see reference to function template instantiation 'std::pair<int,int>::pair<double&,double&,0>(_Other1,_Other2) noexcept' being compiled
          with
          [
              _Other1=double &,
              _Other2=double &
          ]
  c:\users\ahsor\onedrive\dokumenter\c++\other\nye øvinger\circle racing\ny øving 12\track.h(18): note: see reference to function template instantiation 'std::pair<int,int>::pair<double&,double&,0>(_Other1,_Other2) noexcept' being compiled
          with
          [
              _Other1=double &,
              _Other2=double &
          ]
  Generating Code...
  ny øving 12.vcxproj -> C:\Users\ahsor\OneDrive\Dokumenter\C++\Other\Nye øvinger\Circle Racing\Debug\ny øving 12.exe
